
02:22:32.785 - Versao - 1.09
02:22:32.786 - 
02:22:32.786 - loading dbconfig.par...
02:22:32.794 - Entrei no Exception: javax.naming.NoInitialContextException: Cannot instantiate class: com.sun.jndi.fscontext.RefFSContextFactory [Root exception is java.lang.ClassNotFoundException: com.sun.jndi.fscontext.RefFSContextFactory]
02:22:32.868 - class [DAOGenerico] was already disconnected!
02:26:33.711 - Versao - 1.09
02:26:33.711 - 
02:26:33.712 - loading dbconfig.par...
02:26:36.518 - Entrei no Exception: java.sql.SQLException: ORA-01017: invalid username/password; logon denied

02:26:36.520 - class [DAOGenerico] was already disconnected!
02:27:56.473 - Versao - 1.09
02:27:56.474 - 
02:28:07.378 - loading dbconfig.par...
02:28:37.534 - loading dbconfig.par...
02:29:06.624 - connection OK ...
02:29:06.800 - class [DAOGenerico] connected...
02:29:06.953 -  begin tran 
02:29:16.994 - class [DAOGenerico] disconnected!
02:29:16.995 -  end tran 
02:29:59.132 - Versao - 1.09
02:29:59.133 - 
02:29:59.133 - loading dbconfig.par...
02:30:00.359 - connection OK ...
02:30:00.360 - class [DAOGenerico] connected...
02:30:00.360 -  begin tran 
02:30:00.655 - class [DAOGenerico] disconnected!
02:30:00.655 -  end tran 
02:31:58.078 - Versao - 1.09
02:31:58.079 - 
02:31:58.079 - loading dbconfig.par...
02:31:59.383 - connection OK ...
02:31:59.383 - class [DAOGenerico] connected...
02:31:59.383 -  begin tran 
02:31:59.534 - class [DAOGenerico] disconnected!
02:31:59.534 -  end tran 
02:38:57.511 - Versao - 1.09
02:38:57.511 - 
02:38:57.511 - loading dbconfig.par...
02:38:58.975 - connection OK ...
02:38:58.976 - class [DAOGenerico] connected...
02:38:58.976 -  begin tran 
02:38:59.256 - class [DAOGenerico] disconnected!
02:38:59.256 -  end tran 
03:59:56.564 - Versao - 1.09
03:59:56.564 - 
03:59:56.565 - loading dbconfig.par...
03:59:59.374 - connection OK ...
03:59:59.375 - class [DAOGenerico] connected...
03:59:59.375 -  begin tran 
03:59:59.521 - class [DAOGenerico] disconnected!
03:59:59.521 -  end tran 
04:01:26.004 - Versao - 1.09
04:01:26.004 - 
04:01:26.005 - loading dbconfig.par...
04:01:28.812 - connection OK ...
04:01:28.812 - class [DAOGenerico] connected...
04:01:28.813 -  begin tran 
04:01:28.958 - class [DAOGenerico] disconnected!
04:01:28.959 -  end tran 
06:52:08.354 - Versao - 1.09
06:52:08.355 - 
06:52:08.356 - loading dbconfig.par...
06:52:11.881 - connection OK ...
06:52:11.881 - class [DAOGenerico] connected...
06:52:11.882 -  begin tran 
06:52:12.027 - class [DAOGenerico] disconnected!
06:52:12.027 -  end tran 