
04:02:35.872 - Versao - 1.09
04:02:35.872 - 
04:02:35.901 - loading dbconfig.par...
04:02:57.388 - Entrei no Exception: java.sql.SQLRecoverableException: Erro de ES: The Network Adapter could not establish the connection
04:02:57.390 - class [DAOGenerico] was already disconnected!
04:03:25.991 - Versao - 1.09
04:03:25.992 - 
04:03:25.992 - loading dbconfig.par...
04:03:29.033 - connection OK ...
04:03:29.033 - class [DAOGenerico] connected...
04:03:29.033 -  begin tran 
04:03:29.402 - class [DAOGenerico] disconnected!
04:03:29.403 -  end tran 
04:23:55.430 - Versao - 1.09
04:23:55.430 - 
04:23:55.431 - loading dbconfig.par...
04:23:58.147 - connection OK ...
04:23:58.147 - class [DAOGenerico] connected...
04:23:58.149 -  begin tran 
04:23:58.296 - class [DAOGenerico] disconnected!
04:23:58.296 -  end tran 
04:24:28.831 - Versao - 1.09
04:24:28.831 - 
04:24:28.832 - loading dbconfig.par...
04:24:31.591 - connection OK ...
04:24:31.591 - class [DAOGenerico] connected...
04:24:31.591 -  begin tran 
04:24:31.737 - class [DAOGenerico] disconnected!
04:24:31.737 -  end tran 
04:57:10.320 - Versao - 1.09
04:57:10.320 - 
04:57:10.320 - loading dbconfig.par...
04:58:16.507 - Versao - 1.09
04:58:16.507 - 
04:58:16.508 - loading dbconfig.par...
04:58:37.711 - Entrei no Exception: java.sql.SQLRecoverableException: Erro de ES: The Network Adapter could not establish the connection
04:58:37.713 - class [DAOGenerico] was already disconnected!
05:00:16.590 - Versao - 1.09
05:00:16.590 - 
05:00:16.590 - loading dbconfig.par...
05:00:19.330 - connection OK ...
05:00:19.330 - class [DAOGenerico] connected...
05:00:19.330 -  begin tran 
05:00:19.490 - class [DAOGenerico] disconnected!
05:00:19.490 -  end tran 
05:16:25.074 - Versao - 1.09
05:16:25.074 - 
05:16:25.077 - loading dbconfig.par...
05:16:27.901 - connection OK ...
05:16:27.901 - class [DAOGenerico] connected...
05:16:27.901 -  begin tran 
05:16:28.060 - class [DAOGenerico] disconnected!
05:16:28.060 -  end tran 
05:17:45.135 - Versao - 1.09
05:17:45.135 - 
05:17:45.135 - loading dbconfig.par...
05:17:47.780 - connection OK ...
05:17:47.780 - class [DAOGenerico] connected...
05:17:47.780 -  begin tran 
05:17:47.917 - class [DAOGenerico] disconnected!
05:17:47.917 -  end tran 